

Microchip MPLAB XC8 Assembler V2.10 build 88905656 
                                                                                               Fri May 15 20:49:50 2020

Microchip MPLAB XC8 C Compiler v2.10 (Free license) build 20190730164152 Og1 
     1                           	processor	18F4520
     2                           	fnconf	rparam,??,?,0
     3                           	opt	pw 120
     4                           	opt	flic
     5                           	psect	cinit,global,reloc=2,class=CODE,delta=1
     6                           	psect	cstackCOMRAM,global,class=COMRAM,space=1,delta=1,noexec
     7                           	psect	text0,global,reloc=2,class=CODE,delta=1
     8                           	psect	text1,global,reloc=2,class=CODE,delta=1
     9                           	psect	text2,global,reloc=2,class=CODE,delta=1
    10                           	psect	text3,global,reloc=2,class=CODE,delta=1
    11                           	psect	text4,global,reloc=2,class=CODE,delta=1
    12                           	psect	intsave_regs,global,class=BIGRAM,space=1,delta=1,noexec
    13                           	psect	rparam,global,class=COMRAM,space=1,delta=1,noexec
    14  0000                     
    15                           ; Version 2.10
    16                           ; Generated 31/07/2019 GMT
    17                           ; 
    18                           ; Copyright © 2019, Microchip Technology Inc. and its subsidiaries ("Microchip")
    19                           ; All rights reserved.
    20                           ; 
    21                           ; This software is developed by Microchip Technology Inc. and its subsidiaries ("Microch
      +                          ip").
    22                           ; 
    23                           ; Redistribution and use in source and binary forms, with or without modification, are
    24                           ; permitted provided that the following conditions are met:
    25                           ; 
    26                           ;     1. Redistributions of source code must retain the above copyright notice, this lis
      +                          t of
    27                           ;        conditions and the following disclaimer.
    28                           ; 
    29                           ;     2. Redistributions in binary form must reproduce the above copyright notice, this 
      +                          list
    30                           ;        of conditions and the following disclaimer in the documentation and/or other
    31                           ;        materials provided with the distribution.
    32                           ; 
    33                           ;     3. Microchip's name may not be used to endorse or promote products derived from th
      +                          is
    34                           ;        software without specific prior written permission.
    35                           ; 
    36                           ; THIS SOFTWARE IS PROVIDED BY MICROCHIP "AS IS" AND ANY EXPRESS OR IMPLIED WARRANTIES,
    37                           ; INCLUDING, BUT NOT LIMITED TO, THE IMPLIED WARRANTIES OF MERCHANTABILITY AND FITNESS F
      +                          OR
    38                           ; PURPOSE ARE DISCLAIMED.  IN NO EVENT SHALL MICROCHIP BE LIABLE FOR ANY DIRECT, INDIREC
      +                          T,
    39                           ; INCIDENTAL, SPECIAL, EXEMPLARY, OR CONSEQUENTIAL DAMAGES (INCLUDING BUT NOT LIMITED TO
    40                           ; PROCUREMENT OF SUBSTITUTE GOODS OR SERVICES; LOSS OF USE, DATA OR PROFITS; OR BUSINESS
    41                           ; INTERRUPTION) HOWSOEVER CAUSED AND ON ANY THEORY OF LIABILITY, WHETHER IN CONTRACT, ST
      +                          RICT
    42                           ; LIABILITY, OR TORT (INCLUDING NEGLIGENCE OR OTHERWISE) ARISING IN ANY WAY OUT OF THE U
      +                          SE OF
    43                           ; THIS SOFTWARE, EVEN IF ADVISED OF THE POSSIBILITY OF SUCH DAMAGE.
    44                           ; 
    45                           ; 
    46                           ; Code-generator required, PIC18F4520 Definitions
    47                           ; 
    48                           ; SFR Addresses
    49  0000                     _SSPBUF	set	4041
    50  0000                     _SSPSTATbits	set	4039
    51  0000                     _SSPCON2bits	set	4037
    52  0000                     _SSPADD	set	4040
    53  0000                     _SSPCON2	set	4037
    54  0000                     _SSPCON1	set	4038
    55  0000                     _SSPSTAT	set	4039
    56  0000                     _ACKEN	set	32300
    57  0000                     _ACKDT	set	32301
    58  0000                     _RCEN	set	32299
    59  0000                     _PEN	set	32298
    60  0000                     _ACKSTAT	set	32302
    61  0000                     _SSPIF	set	31987
    62  0000                     _SSPIE	set	31979
    63  0000                     _TRISC4	set	31908
    64  0000                     _TRISC3	set	31907
    65                           
    66                           ; #config settings
    67  0000                     
    68                           	psect	cinit
    69  007F6A                     __pcinit:
    70                           	opt callstack 0
    71  007F6A                     start_initialization:
    72                           	opt callstack 0
    73  007F6A                     __initialization:
    74                           	opt callstack 0
    75  007F6A                     end_of_initialization:
    76                           	opt callstack 0
    77  007F6A                     __end_of__initialization:
    78                           	opt callstack 0
    79  007F6A  0100               	movlb	0
    80  007F6C  EFC1  F03F         	goto	_main	;jump to C main() function
    81                           
    82                           	psect	cstackCOMRAM
    83  000001                     __pcstackCOMRAM:
    84                           	opt callstack 0
    85  000001                     I2C_Write@data:
    86                           	opt callstack 0
    87                           
    88                           ; 1 bytes @ 0x0
    89  000001                     	ds	1
    90  000002                     I2C_Start@slave_write_address:
    91                           	opt callstack 0
    92                           
    93                           ; 1 bytes @ 0x1
    94  000002                     	ds	1
    95  000003                     
    96                           ; 1 bytes @ 0x2
    97 ;;
    98 ;;Main: autosize = 0, tempsize = 0, incstack = 0, save=0
    99 ;;
   100 ;; *************** function _main *****************
   101 ;; Defined at:
   102 ;;		line 13 in file "main.c"
   103 ;; Parameters:    Size  Location     Type
   104 ;;		None
   105 ;; Auto vars:     Size  Location     Type
   106 ;;		None
   107 ;; Return value:  Size  Location     Type
   108 ;;                  1    wreg      void 
   109 ;; Registers used:
   110 ;;		wreg, status,2, cstack
   111 ;; Tracked objects:
   112 ;;		On entry : 0/0
   113 ;;		On exit  : 0/0
   114 ;;		Unchanged: 0/0
   115 ;; Data sizes:     COMRAM   BANK0   BANK1   BANK2   BANK3   BANK4   BANK5
   116 ;;      Params:         0       0       0       0       0       0       0
   117 ;;      Locals:         0       0       0       0       0       0       0
   118 ;;      Temps:          0       0       0       0       0       0       0
   119 ;;      Totals:         0       0       0       0       0       0       0
   120 ;;Total ram usage:        0 bytes
   121 ;; Hardware stack levels required when called:    3
   122 ;; This function calls:
   123 ;;		_I2C_Init
   124 ;;		_I2C_Start
   125 ;;		_I2C_Write
   126 ;; This function is called by:
   127 ;;		Startup code after reset
   128 ;; This function uses a non-reentrant model
   129 ;;
   130                           
   131                           	psect	text0
   132  007F82                     __ptext0:
   133                           	opt callstack 0
   134  007F82                     _main:
   135                           	opt callstack 28
   136  007F82                     
   137                           ;main.c: 14:     I2C_Init();
   138  007F82  ECCB  F03F         	call	_I2C_Init	;wreg free
   139                           
   140                           ;main.c: 16:     I2C_Start(0xA0);
   141  007F86  0EA0               	movlw	160
   142  007F88  ECE9  F03F         	call	_I2C_Start
   143  007F8C                     
   144                           ;main.c: 18:     I2C_Write(0xF);
   145  007F8C  0E0F               	movlw	15
   146  007F8E  ECD8  F03F         	call	_I2C_Write
   147  007F92  EF00  F000         	goto	start
   148  007F96                     __end_of_main:
   149                           	opt callstack 0
   150                           
   151 ;; *************** function _I2C_Start *****************
   152 ;; Defined at:
   153 ;;		line 23 in file "i2c_util.c"
   154 ;; Parameters:    Size  Location     Type
   155 ;;  slave_write_    1    wreg     unsigned char 
   156 ;; Auto vars:     Size  Location     Type
   157 ;;  slave_write_    1    1[COMRAM] unsigned char 
   158 ;; Return value:  Size  Location     Type
   159 ;;                  1    wreg      unsigned char 
   160 ;; Registers used:
   161 ;;		wreg, status,2, cstack
   162 ;; Tracked objects:
   163 ;;		On entry : 0/0
   164 ;;		On exit  : 0/0
   165 ;;		Unchanged: 0/0
   166 ;; Data sizes:     COMRAM   BANK0   BANK1   BANK2   BANK3   BANK4   BANK5
   167 ;;      Params:         0       0       0       0       0       0       0
   168 ;;      Locals:         1       0       0       0       0       0       0
   169 ;;      Temps:          0       0       0       0       0       0       0
   170 ;;      Totals:         1       0       0       0       0       0       0
   171 ;;Total ram usage:        1 bytes
   172 ;; Hardware stack levels used:    1
   173 ;; Hardware stack levels required when called:    2
   174 ;; This function calls:
   175 ;;		_I2C_Write
   176 ;; This function is called by:
   177 ;;		_main
   178 ;; This function uses a non-reentrant model
   179 ;;
   180                           
   181                           	psect	text1
   182  007FD2                     __ptext1:
   183                           	opt callstack 0
   184  007FD2                     _I2C_Start:
   185                           	opt callstack 28
   186                           
   187                           ;incstack = 0
   188                           ;I2C_Start@slave_write_address stored from wreg
   189  007FD2  6E02               	movwf	I2C_Start@slave_write_address^0,c
   190  007FD4                     
   191                           ;i2c_util.c: 25:     SSPCON2bits.SEN = 1;
   192  007FD4  80C5               	bsf	197,0,c	;volatile
   193  007FD6                     l55:
   194  007FD6  B0C5               	btfsc	197,0,c	;volatile
   195  007FD8  EFF0  F03F         	goto	u31
   196  007FDC  EFF2  F03F         	goto	u30
   197  007FE0                     u31:
   198  007FE0  EFEB  F03F         	goto	l55
   199  007FE4                     u30:
   200  007FE4                     
   201                           ;i2c_util.c: 31:     SSPIF = 0;
   202  007FE4  969E               	bcf	3998,3,c	;volatile
   203                           
   204                           ;i2c_util.c: 34:     if (!SSPSTATbits.S)
   205  007FE6  B6C7               	btfsc	199,3,c	;volatile
   206  007FE8  EFF8  F03F         	goto	u41
   207  007FEC  EFFA  F03F         	goto	u40
   208  007FF0                     u41:
   209  007FF0  EFFC  F03F         	goto	l803
   210  007FF4                     u40:
   211  007FF4  EFFF  F03F         	goto	l59
   212  007FF8                     l803:
   213                           
   214                           ;i2c_util.c: 38:     return (I2C_Write(slave_write_address));;	Return value of _I2C_Star
      +                          t is never used
   215  007FF8  5002               	movf	I2C_Start@slave_write_address^0,w,c
   216  007FFA  ECD8  F03F         	call	_I2C_Write
   217  007FFE                     l59:
   218  007FFE  0012               	return		;funcret
   219  008000                     __end_of_I2C_Start:
   220                           	opt callstack 0
   221                           
   222 ;; *************** function _I2C_Write *****************
   223 ;; Defined at:
   224 ;;		line 49 in file "i2c_util.c"
   225 ;; Parameters:    Size  Location     Type
   226 ;;  data            1    wreg     unsigned char 
   227 ;; Auto vars:     Size  Location     Type
   228 ;;  data            1    0[COMRAM] unsigned char 
   229 ;; Return value:  Size  Location     Type
   230 ;;                  1    wreg      unsigned char 
   231 ;; Registers used:
   232 ;;		wreg, cstack
   233 ;; Tracked objects:
   234 ;;		On entry : 0/0
   235 ;;		On exit  : 0/0
   236 ;;		Unchanged: 0/0
   237 ;; Data sizes:     COMRAM   BANK0   BANK1   BANK2   BANK3   BANK4   BANK5
   238 ;;      Params:         0       0       0       0       0       0       0
   239 ;;      Locals:         1       0       0       0       0       0       0
   240 ;;      Temps:          0       0       0       0       0       0       0
   241 ;;      Totals:         1       0       0       0       0       0       0
   242 ;;Total ram usage:        1 bytes
   243 ;; Hardware stack levels used:    1
   244 ;; Hardware stack levels required when called:    1
   245 ;; This function calls:
   246 ;;		_I2C_Ready
   247 ;; This function is called by:
   248 ;;		_main
   249 ;;		_I2C_Start
   250 ;; This function uses a non-reentrant model
   251 ;;
   252                           
   253                           	psect	text2
   254  007FB0                     __ptext2:
   255                           	opt callstack 0
   256  007FB0                     _I2C_Write:
   257                           	opt callstack 29
   258                           
   259                           ;incstack = 0
   260                           ;I2C_Write@data stored from wreg
   261  007FB0  6E01               	movwf	I2C_Write@data^0,c
   262  007FB2                     
   263                           ;i2c_util.c: 51:     SSPBUF = data;
   264  007FB2  C001  FFC9         	movff	I2C_Write@data,4041	;volatile
   265  007FB6                     
   266                           ;i2c_util.c: 54:     I2C_Ready();
   267  007FB6  ECB8  F03F         	call	_I2C_Ready	;wreg free
   268  007FBA                     
   269                           ;i2c_util.c: 57:     if (ACKSTAT)
   270  007FBA  ACC5               	btfss	4037,6,c	;volatile
   271  007FBC  EFE2  F03F         	goto	u21
   272  007FC0  EFE4  F03F         	goto	u20
   273  007FC4                     u21:
   274  007FC4  EFE7  F03F         	goto	l787
   275  007FC8                     u20:
   276  007FC8                     
   277                           ;i2c_util.c: 58:         return 1;
   278  007FC8  0E01               	movlw	1
   279  007FCA  EFE8  F03F         	goto	l69
   280  007FCE                     l787:
   281                           
   282                           ;i2c_util.c: 60:         return 2;
   283  007FCE  0E02               	movlw	2
   284  007FD0                     l69:
   285  007FD0  0012               	return		;funcret
   286  007FD2                     __end_of_I2C_Write:
   287                           	opt callstack 0
   288                           
   289 ;; *************** function _I2C_Ready *****************
   290 ;; Defined at:
   291 ;;		line 41 in file "i2c_util.c"
   292 ;; Parameters:    Size  Location     Type
   293 ;;		None
   294 ;; Auto vars:     Size  Location     Type
   295 ;;		None
   296 ;; Return value:  Size  Location     Type
   297 ;;                  1    wreg      void 
   298 ;; Registers used:
   299 ;;		None
   300 ;; Tracked objects:
   301 ;;		On entry : 0/0
   302 ;;		On exit  : 0/0
   303 ;;		Unchanged: 0/0
   304 ;; Data sizes:     COMRAM   BANK0   BANK1   BANK2   BANK3   BANK4   BANK5
   305 ;;      Params:         0       0       0       0       0       0       0
   306 ;;      Locals:         0       0       0       0       0       0       0
   307 ;;      Temps:          0       0       0       0       0       0       0
   308 ;;      Totals:         0       0       0       0       0       0       0
   309 ;;Total ram usage:        0 bytes
   310 ;; Hardware stack levels used:    1
   311 ;; This function calls:
   312 ;;		Nothing
   313 ;; This function is called by:
   314 ;;		_I2C_Write
   315 ;;		_I2C_Stop
   316 ;;		_I2C_Read
   317 ;; This function uses a non-reentrant model
   318 ;;
   319                           
   320                           	psect	text3
   321  007F70                     __ptext3:
   322                           	opt callstack 0
   323  007F70                     _I2C_Ready:
   324                           	opt callstack 29
   325  007F70                     l62:
   326  007F70  A69E               	btfss	3998,3,c	;volatile
   327  007F72  EFBD  F03F         	goto	u11
   328  007F76  EFBF  F03F         	goto	u10
   329  007F7A                     u11:
   330  007F7A  EFB8  F03F         	goto	l62
   331  007F7E                     u10:
   332  007F7E                     
   333                           ;i2c_util.c: 46:     SSPIF = 0;
   334  007F7E  969E               	bcf	3998,3,c	;volatile
   335  007F80  0012               	return		;funcret
   336  007F82                     __end_of_I2C_Ready:
   337                           	opt callstack 0
   338                           
   339 ;; *************** function _I2C_Init *****************
   340 ;; Defined at:
   341 ;;		line 3 in file "i2c_util.c"
   342 ;; Parameters:    Size  Location     Type
   343 ;;		None
   344 ;; Auto vars:     Size  Location     Type
   345 ;;		None
   346 ;; Return value:  Size  Location     Type
   347 ;;                  1    wreg      void 
   348 ;; Registers used:
   349 ;;		wreg, status,2
   350 ;; Tracked objects:
   351 ;;		On entry : 0/0
   352 ;;		On exit  : 0/0
   353 ;;		Unchanged: 0/0
   354 ;; Data sizes:     COMRAM   BANK0   BANK1   BANK2   BANK3   BANK4   BANK5
   355 ;;      Params:         0       0       0       0       0       0       0
   356 ;;      Locals:         0       0       0       0       0       0       0
   357 ;;      Temps:          0       0       0       0       0       0       0
   358 ;;      Totals:         0       0       0       0       0       0       0
   359 ;;Total ram usage:        0 bytes
   360 ;; Hardware stack levels used:    1
   361 ;; This function calls:
   362 ;;		Nothing
   363 ;; This function is called by:
   364 ;;		_main
   365 ;; This function uses a non-reentrant model
   366 ;;
   367                           
   368                           	psect	text4
   369  007F96                     __ptext4:
   370                           	opt callstack 0
   371  007F96                     _I2C_Init:
   372                           	opt callstack 30
   373  007F96                     
   374                           ;i2c_util.c: 5:     TRISC3 = 1;
   375  007F96  8694               	bsf	3988,3,c	;volatile
   376                           
   377                           ;i2c_util.c: 6:     TRISC4 = 1;
   378  007F98  8894               	bsf	3988,4,c	;volatile
   379  007F9A                     
   380                           ;i2c_util.c: 9:     SSPSTAT = 0x80;
   381  007F9A  0E80               	movlw	128
   382  007F9C  6EC7               	movwf	199,c	;volatile
   383                           
   384                           ;i2c_util.c: 12:     SSPCON1 = 0x28;
   385  007F9E  0E28               	movlw	40
   386  007FA0  6EC6               	movwf	198,c	;volatile
   387                           
   388                           ;i2c_util.c: 13:     SSPCON2 = 0x00;
   389  007FA2  0E00               	movlw	0
   390  007FA4  6EC5               	movwf	197,c	;volatile
   391                           
   392                           ;i2c_util.c: 16:     SSPADD = 39;
   393  007FA6  0E27               	movlw	39
   394  007FA8  6EC8               	movwf	200,c	;volatile
   395  007FAA                     
   396                           ;i2c_util.c: 19:     SSPIE = 1;
   397  007FAA  869D               	bsf	3997,3,c	;volatile
   398  007FAC                     
   399                           ;i2c_util.c: 20:     SSPIF = 0;
   400  007FAC  969E               	bcf	3998,3,c	;volatile
   401  007FAE  0012               	return		;funcret
   402  007FB0                     __end_of_I2C_Init:
   403                           	opt callstack 0
   404  0000                     
   405                           	psect	rparam
   406  0000                     tosu	equ	0xFFF
   407                           tosh	equ	0xFFE
   408                           tosl	equ	0xFFD
   409                           stkptr	equ	0xFFC
   410                           pclatu	equ	0xFFB
   411                           pclath	equ	0xFFA
   412                           pcl	equ	0xFF9
   413                           tblptru	equ	0xFF8
   414                           tblptrh	equ	0xFF7
   415                           tblptrl	equ	0xFF6
   416                           tablat	equ	0xFF5
   417                           prodh	equ	0xFF4
   418                           prodl	equ	0xFF3
   419                           indf0	equ	0xFEF
   420                           postinc0	equ	0xFEE
   421                           postdec0	equ	0xFED
   422                           preinc0	equ	0xFEC
   423                           plusw0	equ	0xFEB
   424                           fsr0h	equ	0xFEA
   425                           fsr0l	equ	0xFE9
   426                           wreg	equ	0xFE8
   427                           indf1	equ	0xFE7
   428                           postinc1	equ	0xFE6
   429                           postdec1	equ	0xFE5
   430                           preinc1	equ	0xFE4
   431                           plusw1	equ	0xFE3
   432                           fsr1h	equ	0xFE2
   433                           fsr1l	equ	0xFE1
   434                           bsr	equ	0xFE0
   435                           indf2	equ	0xFDF
   436                           postinc2	equ	0xFDE
   437                           postdec2	equ	0xFDD
   438                           preinc2	equ	0xFDC
   439                           plusw2	equ	0xFDB
   440                           fsr2h	equ	0xFDA
   441                           fsr2l	equ	0xFD9
   442                           status	equ	0xFD8


Data Sizes:
    Strings     0
    Constant    0
    Data        0
    BSS         0
    Persistent  0
    Stack       0

Auto Spaces:
    Space          Size  Autos    Used
    COMRAM          127      2       2
    BANK0           128      0       0
    BANK1           256      0       0
    BANK2           256      0       0
    BANK3           256      0       0
    BANK4           256      0       0
    BANK5           256      0       0

Pointer List with Targets:

    None.

Critical Paths under _main in COMRAM

    _main->_I2C_Start
    _I2C_Start->_I2C_Write

Critical Paths under _main in BANK0

    None.

Critical Paths under _main in BANK1

    None.

Critical Paths under _main in BANK2

    None.

Critical Paths under _main in BANK3

    None.

Critical Paths under _main in BANK4

    None.

Critical Paths under _main in BANK5

    None.

Call Graph Tables:

 ---------------------------------------------------------------------------------
 (Depth) Function   	        Calls       Base Space   Used Autos Params    Refs
 ---------------------------------------------------------------------------------
 (0) _main                                                 0     0      0      45
                           _I2C_Init
                          _I2C_Start
                          _I2C_Write
 ---------------------------------------------------------------------------------
 (1) _I2C_Start                                            1     1      0      30
                                              1 COMRAM     1     1      0
                          _I2C_Write
 ---------------------------------------------------------------------------------
 (1) _I2C_Write                                            1     1      0      15
                                              0 COMRAM     1     1      0
                          _I2C_Ready
 ---------------------------------------------------------------------------------
 (2) _I2C_Ready                                            0     0      0       0
 ---------------------------------------------------------------------------------
 (1) _I2C_Init                                             0     0      0       0
 ---------------------------------------------------------------------------------
 Estimated maximum stack depth 2
 ---------------------------------------------------------------------------------

 Call Graph Graphs:

 _main (ROOT)
   _I2C_Init
   _I2C_Start
     _I2C_Write
       _I2C_Ready
   _I2C_Write
     _I2C_Ready

 Address spaces:
Name               Size   Autos  Total    Cost      Usage
BITCOMRAM           7F      0       0       0        0.0%
EEDATA             100      0       0       0        0.0%
NULL                 0      0       0       0        0.0%
CODE                 0      0       0       0        0.0%
COMRAM              7F      2       2       1        1.6%
STACK                0      0       0       2        0.0%
DATA                 0      0       0       3        0.0%
BITBANK0            80      0       0       4        0.0%
BANK0               80      0       0       5        0.0%
BITBANK1           100      0       0       6        0.0%
BANK1              100      0       0       7        0.0%
BITBANK2           100      0       0       8        0.0%
BANK2              100      0       0       9        0.0%
BITBANK3           100      0       0      10        0.0%
BANK3              100      0       0      11        0.0%
BITBANK4           100      0       0      12        0.0%
BANK4              100      0       0      13        0.0%
BANK5              100      0       0      14        0.0%
ABS                  0      0       0      15        0.0%
BITBANK5           100      0       0      16        0.0%
BIGRAM             5FF      0       0      17        0.0%
BITSFR               0      0       0     200        0.0%
SFR                  0      0       0     200        0.0%


Microchip Technology PIC18 Macro Assembler V2.10 build 88905656 
Symbol Table                                                                                   Fri May 15 20:49:50 2020

          __size_of_I2C_Ready 0012            __size_of_I2C_Start 002E                   _SSPSTATbits 000FC7  
          __size_of_I2C_Write 0022                            l11 7F92                            l52 7FAE  
                          l62 7F70                            l55 7FD6                            l64 7F7E  
                          l65 7F80                            l57 7FE4                            l59 7FFE  
                          l69 7FD0                            u10 7F7E                            u11 7F7A  
                          u20 7FC8                            u21 7FC4                            u30 7FE4  
                          u31 7FE0                            u40 7FF4                            u41 7FF0  
                 __CFG_OSC$HS 000000                           l803 7FF8                           l807 7F82  
                         l809 7F8C                           l773 7F70                           l781 7FC8  
                         l791 7F96                           l775 7FB2                           l793 7F9A  
                         l777 7FB6                           l795 7FAA                           l787 7FCE  
                         l779 7FBA                           l797 7FAC                           l799 7FD4  
                         _PEN 007E2A                  __CFG_WDT$OFF 000000                          _RCEN 007E2B  
                        _main 7F82              __end_of_I2C_Init 7FB0                          start 0000  
               __CFG_MCLRE$ON 000000                  ___param_bank 000000                         ?_main 0001  
                       _ACKEN 007E2C                         _ACKDT 007E2D                         _SSPIE 007CEB  
                       _SSPIF 007CF3             __end_of_I2C_Ready 7F82             __end_of_I2C_Start 8000  
           __end_of_I2C_Write 7FD2               __initialization 7F6A                  __end_of_main 7F96  
                      ??_main 0003                 __activetblptr 000000                        _SSPADD 000FC8  
                      _TRISC3 007CA3                        _TRISC4 007CA4                        _SSPBUF 000FC9  
                   ?_I2C_Init 0001                    __accesstop 0080       __end_of__initialization 7F6A  
               ___rparam_used 000001                __pcstackCOMRAM 0001                    ??_I2C_Init 0001  
                     _ACKSTAT 007E2E                       _SSPCON1 000FC6                       _SSPCON2 000FC5  
                     _SSPSTAT 000FC7                     _I2C_Ready 7F70                     _I2C_Start 7FD2  
                   _I2C_Write 7FB0                       __Hparam 0000                       __Lparam 0000  
                     __pcinit 7F6A                       __ramtop 0600                       __ptext0 7F82  
                     __ptext1 7FD2                       __ptext2 7FB0                       __ptext3 7F70  
                     __ptext4 7F96          end_of_initialization 7F6A                    ?_I2C_Ready 0001  
                  ?_I2C_Start 0001                    ?_I2C_Write 0001             __size_of_I2C_Init 001A  
         start_initialization 7F6A                   ??_I2C_Ready 0001                   ??_I2C_Start 0002  
                 ??_I2C_Write 0001                      _I2C_Init 7F96  I2C_Start@slave_write_address 0002  
                    __Hrparam 0000                      __Lrparam 0000                 I2C_Write@data 0001  
               __size_of_main 0014                   _SSPCON2bits 000FC5  
